SF:lib\app\features\login\domain\user_cases\login_usecase.dart
DA:11,1
DA:13,1
DA:15,2
LF:3
LH:3
end_of_record
SF:lib\app\features\register_information\domain\entity\user_profile_model.dart
DA:9,4
DA:16,1
DA:17,1
DA:18,1
DA:19,1
DA:24,0
DA:25,0
DA:26,0
DA:27,0
DA:29,0
DA:34,0
DA:35,0
DA:36,0
DA:37,0
DA:38,0
DA:47,0
DA:50,0
DA:51,0
DA:55,0
DA:56,0
DA:57,0
DA:72,0
DA:83,0
DA:84,0
DA:85,0
DA:86,0
DA:87,0
DA:88,0
DA:89,0
DA:90,0
DA:91,0
DA:96,0
DA:97,0
DA:98,0
DA:99,0
DA:100,0
DA:101,0
DA:102,0
DA:103,0
DA:104,0
LF:40
LH:5
end_of_record
SF:lib\app\features\login\domain\user_cases\forgot_password_usecase.dart
DA:12,0
DA:14,0
DA:16,0
LF:3
LH:0
end_of_record
SF:lib\app\features\login\presenter\forgot_password_controller.dart
DA:10,1
DA:15,1
DA:16,1
DA:17,2
DA:20,1
DA:21,2
DA:24,2
DA:27,0
DA:29,0
DA:30,0
LF:10
LH:7
end_of_record
SF:lib\libraries\core\src\extension\string_extensions.dart
DA:4,0
DA:5,0
DA:8,0
DA:11,4
DA:13,0
LF:5
LH:1
end_of_record
SF:lib\app\features\login\presenter\forgot_password_store.dart
DA:9,0
DA:11,0
DA:12,0
LF:3
LH:0
end_of_record
SF:lib\libraries\core\src\app_utils\app_utils.dart
DA:4,0
DA:7,0
DA:8,0
DA:9,0
DA:12,2
DA:13,4
DA:17,4
DA:20,1
DA:21,1
DA:22,1
DA:24,0
DA:26,0
DA:28,0
DA:30,0
DA:33,0
DA:37,0
DA:38,0
DA:39,0
DA:41,0
DA:43,0
DA:45,0
DA:47,0
DA:49,0
DA:51,0
DA:54,0
LF:25
LH:6
end_of_record
SF:lib\app\features\login\external\datasource\login_datasource_impl.dart
DA:10,1
DA:12,1
DA:15,2
DA:20,1
DA:21,1
DA:22,2
DA:25,1
DA:28,1
DA:31,2
DA:35,0
DA:38,0
DA:39,0
DA:42,0
DA:43,0
DA:46,0
DA:49,0
DA:53,0
LF:17
LH:9
end_of_record
SF:lib\libraries\core\src\error\failure.dart
DA:6,1
DA:7,1
LF:2
LH:2
end_of_record
SF:lib\libraries\core\crashalytics\crashalytics_services.dart
DA:8,0
DA:10,0
DA:11,0
DA:12,0
DA:13,0
DA:16,0
DA:17,0
DA:24,1
DA:28,2
DA:30,0
DA:32,0
DA:33,0
DA:34,0
DA:38,1
DA:40,2
DA:44,0
DA:45,0
DA:47,0
DA:48,0
DA:49,0
LF:20
LH:4
end_of_record
SF:lib\app\features\login\infra\repository\login_repository_impl.dart
DA:8,1
DA:10,1
DA:12,2
DA:16,0
DA:18,0
LF:5
LH:3
end_of_record
SF:lib\app\features\login\presenter\log_in_store.dart
DA:8,3
DA:10,1
DA:11,4
LF:3
LH:3
end_of_record
SF:lib\app\features\login\presenter\login_controller.dart
DA:9,1
DA:16,1
DA:17,1
DA:18,2
DA:21,1
DA:22,2
DA:25,1
DA:26,2
DA:29,2
DA:32,0
DA:34,0
DA:35,0
DA:36,0
DA:37,0
LF:14
LH:9
end_of_record
